


ARM Macro Assembler    Page 1 


    1 00000000         ;/* Copyright (c) 2012 ARM LIMITED
    2 00000000         ;
    3 00000000         ;   All rights reserved.
    4 00000000         ;   Redistribution and use in source and binary forms, w
                       ith or without
    5 00000000         ;   modification, are permitted provided that the follow
                       ing conditions are met:
    6 00000000         ;   - Redistributions of source code must retain the abo
                       ve copyright
    7 00000000         ;     notice, this list of conditions and the following 
                       disclaimer.
    8 00000000         ;   - Redistributions in binary form must reproduce the 
                       above copyright
    9 00000000         ;     notice, this list of conditions and the following 
                       disclaimer in the
   10 00000000         ;     documentation and/or other materials provided with
                        the distribution.
   11 00000000         ;   - Neither the name of ARM nor the names of its contr
                       ibutors may be used
   12 00000000         ;     to endorse or promote products derived from this s
                       oftware without
   13 00000000         ;     specific prior written permission.
   14 00000000         ;   *
   15 00000000         ;   THIS SOFTWARE IS PROVIDED BY THE COPYRIGHT HOLDERS A
                       ND CONTRIBUTORS "AS IS"
   16 00000000         ;   AND ANY EXPRESS OR IMPLIED WARRANTIES, INCLUDING, BU
                       T NOT LIMITED TO, THE
   17 00000000         ;   IMPLIED WARRANTIES OF MERCHANTABILITY AND FITNESS FO
                       R A PARTICULAR PURPOSE
   18 00000000         ;   ARE DISCLAIMED. IN NO EVENT SHALL COPYRIGHT HOLDERS 
                       AND CONTRIBUTORS BE
   19 00000000         ;   LIABLE FOR ANY DIRECT, INDIRECT, INCIDENTAL, SPECIAL
                       , EXEMPLARY, OR
   20 00000000         ;   CONSEQUENTIAL DAMAGES (INCLUDING, BUT NOT LIMITED TO
                       , PROCUREMENT OF
   21 00000000         ;   SUBSTITUTE GOODS OR SERVICES; LOSS OF USE, DATA, OR 
                       PROFITS; OR BUSINESS
   22 00000000         ;   INTERRUPTION) HOWEVER CAUSED AND ON ANY THEORY OF LI
                       ABILITY, WHETHER IN
   23 00000000         ;   CONTRACT, STRICT LIABILITY, OR TORT (INCLUDING NEGLI
                       GENCE OR OTHERWISE)
   24 00000000         ;   ARISING IN ANY WAY OUT OF THE USE OF THIS SOFTWARE, 
                       EVEN IF ADVISED OF THE
   25 00000000         ;   POSSIBILITY OF SUCH DAMAGE.
   26 00000000         ;   35840 36864 37888 --> 15360
   27 00000000         ; stack : 8192
   28 00000000         ;   ----------------------------------------------------
                       -----------------------*/
   29 00000000         
   30 00000000                 IF               :DEF: __STACK_SIZE
   33 00000000 00002000 
                       Stack_Size
                               EQU              8192
   34 00000000                 ENDIF
   35 00000000         
   36 00000000                 AREA             STACK, NOINIT, READWRITE, ALIGN
=3
   37 00000000         Stack_Mem
                               SPACE            Stack_Size



ARM Macro Assembler    Page 2 


   38 00002000         __initial_sp
   39 00002000         
   40 00002000                 IF               :DEF: __HEAP_SIZE
   43 00002000 00004400 
                       Heap_Size
                               EQU              17408
   44 00002000         
   45 00002000                 ENDIF
   46 00002000         
   47 00002000                 AREA             HEAP, NOINIT, READWRITE, ALIGN=
3
   48 00000000         __heap_base
   49 00000000         Heap_Mem
                               SPACE            Heap_Size
   50 00004400         __heap_limit
   51 00004400         
   52 00004400                 PRESERVE8
   53 00004400                 THUMB
   54 00004400         
   55 00004400         ; Vector Table Mapped to Address 0 at Reset
   56 00004400         
   57 00004400                 AREA             RESET, DATA, READONLY
   58 00000000                 EXPORT           __Vectors
   59 00000000                 EXPORT           __Vectors_End
   60 00000000                 EXPORT           __Vectors_Size
   61 00000000         
   62 00000000 00000000 
                       __Vectors
                               DCD              __initial_sp ; Top of Stack
   63 00000004 00000000        DCD              Reset_Handler
   64 00000008 00000000        DCD              NMI_Handler
   65 0000000C 00000000        DCD              HardFault_Handler
   66 00000010 00000000        DCD              MemoryManagement_Handler
   67 00000014 00000000        DCD              BusFault_Handler
   68 00000018 00000000        DCD              UsageFault_Handler
   69 0000001C 00000000        DCD              0           ; Reserved
   70 00000020 00000000        DCD              0           ; Reserved
   71 00000024 00000000        DCD              0           ; Reserved
   72 00000028 00000000        DCD              0           ; Reserved
   73 0000002C 00000000        DCD              SVC_Handler
   74 00000030 00000000        DCD              DebugMonitor_Handler
   75 00000034 00000000        DCD              0           ; Reserved
   76 00000038 00000000        DCD              PendSV_Handler
   77 0000003C 00000000        DCD              SysTick_Handler
   78 00000040         
   79 00000040         ; External Interrupts
   80 00000040 00000000        DCD              POWER_CLOCK_IRQHandler
   81 00000044 00000000        DCD              RADIO_IRQHandler
   82 00000048 00000000        DCD              UARTE0_UART0_IRQHandler
   83 0000004C 00000000        DCD              SPIM0_SPIS0_TWIM0_TWIS0_SPI0_TW
I0_IRQHandler
   84 00000050 00000000        DCD              SPIM1_SPIS1_TWIM1_TWIS1_SPI1_TW
I1_IRQHandler
   85 00000054 00000000        DCD              NFCT_IRQHandler
   86 00000058 00000000        DCD              GPIOTE_IRQHandler
   87 0000005C 00000000        DCD              SAADC_IRQHandler
   88 00000060 00000000        DCD              TIMER0_IRQHandler
   89 00000064 00000000        DCD              TIMER1_IRQHandler
   90 00000068 00000000        DCD              TIMER2_IRQHandler



ARM Macro Assembler    Page 3 


   91 0000006C 00000000        DCD              RTC0_IRQHandler
   92 00000070 00000000        DCD              TEMP_IRQHandler
   93 00000074 00000000        DCD              RNG_IRQHandler
   94 00000078 00000000        DCD              ECB_IRQHandler
   95 0000007C 00000000        DCD              CCM_AAR_IRQHandler
   96 00000080 00000000        DCD              WDT_IRQHandler
   97 00000084 00000000        DCD              RTC1_IRQHandler
   98 00000088 00000000        DCD              QDEC_IRQHandler
   99 0000008C 00000000        DCD              COMP_LPCOMP_IRQHandler
  100 00000090 00000000        DCD              SWI0_EGU0_IRQHandler
  101 00000094 00000000        DCD              SWI1_EGU1_IRQHandler
  102 00000098 00000000        DCD              SWI2_EGU2_IRQHandler
  103 0000009C 00000000        DCD              SWI3_EGU3_IRQHandler
  104 000000A0 00000000        DCD              SWI4_EGU4_IRQHandler
  105 000000A4 00000000        DCD              SWI5_EGU5_IRQHandler
  106 000000A8 00000000        DCD              TIMER3_IRQHandler
  107 000000AC 00000000        DCD              TIMER4_IRQHandler
  108 000000B0 00000000        DCD              PWM0_IRQHandler
  109 000000B4 00000000        DCD              PDM_IRQHandler
  110 000000B8 00000000        DCD              0           ; Reserved
  111 000000BC 00000000        DCD              0           ; Reserved
  112 000000C0 00000000        DCD              MWU_IRQHandler
  113 000000C4 00000000        DCD              PWM1_IRQHandler
  114 000000C8 00000000        DCD              PWM2_IRQHandler
  115 000000CC 00000000        DCD              SPIM2_SPIS2_SPI2_IRQHandler
  116 000000D0 00000000        DCD              RTC2_IRQHandler
  117 000000D4 00000000        DCD              I2S_IRQHandler
  118 000000D8 00000000        DCD              FPU_IRQHandler
  119 000000DC 00000000        DCD              0           ; Reserved
  120 000000E0 00000000        DCD              0           ; Reserved
  121 000000E4 00000000        DCD              0           ; Reserved
  122 000000E8 00000000        DCD              0           ; Reserved
  123 000000EC 00000000        DCD              0           ; Reserved
  124 000000F0 00000000        DCD              0           ; Reserved
  125 000000F4 00000000        DCD              0           ; Reserved
  126 000000F8 00000000        DCD              0           ; Reserved
  127 000000FC 00000000        DCD              0           ; Reserved
  128 00000100 00000000        DCD              0           ; Reserved
  129 00000104 00000000        DCD              0           ; Reserved
  130 00000108 00000000        DCD              0           ; Reserved
  131 0000010C 00000000        DCD              0           ; Reserved
  132 00000110 00000000        DCD              0           ; Reserved
  133 00000114 00000000        DCD              0           ; Reserved
  134 00000118 00000000        DCD              0           ; Reserved
  135 0000011C 00000000        DCD              0           ; Reserved
  136 00000120 00000000        DCD              0           ; Reserved
  137 00000124 00000000        DCD              0           ; Reserved
  138 00000128 00000000        DCD              0           ; Reserved
  139 0000012C 00000000        DCD              0           ; Reserved
  140 00000130 00000000        DCD              0           ; Reserved
  141 00000134 00000000        DCD              0           ; Reserved
  142 00000138 00000000        DCD              0           ; Reserved
  143 0000013C 00000000        DCD              0           ; Reserved
  144 00000140 00000000        DCD              0           ; Reserved
  145 00000144 00000000        DCD              0           ; Reserved
  146 00000148 00000000        DCD              0           ; Reserved
  147 0000014C 00000000        DCD              0           ; Reserved
  148 00000150 00000000        DCD              0           ; Reserved
  149 00000154 00000000        DCD              0           ; Reserved



ARM Macro Assembler    Page 4 


  150 00000158 00000000        DCD              0           ; Reserved
  151 0000015C 00000000        DCD              0           ; Reserved
  152 00000160 00000000        DCD              0           ; Reserved
  153 00000164 00000000        DCD              0           ; Reserved
  154 00000168 00000000        DCD              0           ; Reserved
  155 0000016C 00000000        DCD              0           ; Reserved
  156 00000170 00000000        DCD              0           ; Reserved
  157 00000174 00000000        DCD              0           ; Reserved
  158 00000178 00000000        DCD              0           ; Reserved
  159 0000017C 00000000        DCD              0           ; Reserved
  160 00000180 00000000        DCD              0           ; Reserved
  161 00000184 00000000        DCD              0           ; Reserved
  162 00000188 00000000        DCD              0           ; Reserved
  163 0000018C 00000000        DCD              0           ; Reserved
  164 00000190 00000000        DCD              0           ; Reserved
  165 00000194 00000000        DCD              0           ; Reserved
  166 00000198 00000000        DCD              0           ; Reserved
  167 0000019C 00000000        DCD              0           ; Reserved
  168 000001A0 00000000        DCD              0           ; Reserved
  169 000001A4 00000000        DCD              0           ; Reserved
  170 000001A8 00000000        DCD              0           ; Reserved
  171 000001AC 00000000        DCD              0           ; Reserved
  172 000001B0 00000000        DCD              0           ; Reserved
  173 000001B4 00000000        DCD              0           ; Reserved
  174 000001B8 00000000        DCD              0           ; Reserved
  175 000001BC 00000000        DCD              0           ; Reserved
  176 000001C0 00000000        DCD              0           ; Reserved
  177 000001C4 00000000        DCD              0           ; Reserved
  178 000001C8 00000000        DCD              0           ; Reserved
  179 000001CC 00000000        DCD              0           ; Reserved
  180 000001D0 00000000        DCD              0           ; Reserved
  181 000001D4 00000000        DCD              0           ; Reserved
  182 000001D8 00000000        DCD              0           ; Reserved
  183 000001DC 00000000        DCD              0           ; Reserved
  184 000001E0 00000000        DCD              0           ; Reserved
  185 000001E4 00000000        DCD              0           ; Reserved
  186 000001E8 00000000        DCD              0           ; Reserved
  187 000001EC 00000000        DCD              0           ; Reserved
  188 000001F0 00000000        DCD              0           ; Reserved
  189 000001F4 00000000        DCD              0           ; Reserved
  190 000001F8 00000000        DCD              0           ; Reserved
  191 000001FC 00000000        DCD              0           ; Reserved
  192 00000200 00000000        DCD              0           ; Reserved
  193 00000204 00000000        DCD              0           ; Reserved
  194 00000208 00000000        DCD              0           ; Reserved
  195 0000020C 00000000        DCD              0           ; Reserved
  196 00000210 00000000        DCD              0           ; Reserved
  197 00000214 00000000        DCD              0           ; Reserved
  198 00000218 00000000        DCD              0           ; Reserved
  199 0000021C 00000000        DCD              0           ; Reserved
  200 00000220 00000000        DCD              0           ; Reserved
  201 00000224 00000000        DCD              0           ; Reserved
  202 00000228 00000000        DCD              0           ; Reserved
  203 0000022C 00000000        DCD              0           ; Reserved
  204 00000230 00000000        DCD              0           ; Reserved
  205 00000234 00000000        DCD              0           ; Reserved
  206 00000238 00000000        DCD              0           ; Reserved
  207 0000023C 00000000        DCD              0           ; Reserved
  208 00000240 00000000        DCD              0           ; Reserved



ARM Macro Assembler    Page 5 


  209 00000244 00000000        DCD              0           ; Reserved
  210 00000248 00000000        DCD              0           ; Reserved
  211 0000024C 00000000        DCD              0           ; Reserved
  212 00000250 00000000        DCD              0           ; Reserved
  213 00000254 00000000        DCD              0           ; Reserved
  214 00000258 00000000        DCD              0           ; Reserved
  215 0000025C 00000000        DCD              0           ; Reserved
  216 00000260 00000000        DCD              0           ; Reserved
  217 00000264 00000000        DCD              0           ; Reserved
  218 00000268 00000000        DCD              0           ; Reserved
  219 0000026C 00000000        DCD              0           ; Reserved
  220 00000270 00000000        DCD              0           ; Reserved
  221 00000274 00000000        DCD              0           ; Reserved
  222 00000278 00000000        DCD              0           ; Reserved
  223 0000027C 00000000        DCD              0           ; Reserved
  224 00000280 00000000        DCD              0           ; Reserved
  225 00000284 00000000        DCD              0           ; Reserved
  226 00000288 00000000        DCD              0           ; Reserved
  227 0000028C 00000000        DCD              0           ; Reserved
  228 00000290 00000000        DCD              0           ; Reserved
  229 00000294 00000000        DCD              0           ; Reserved
  230 00000298 00000000        DCD              0           ; Reserved
  231 0000029C 00000000        DCD              0           ; Reserved
  232 000002A0 00000000        DCD              0           ; Reserved
  233 000002A4 00000000        DCD              0           ; Reserved
  234 000002A8 00000000        DCD              0           ; Reserved
  235 000002AC 00000000        DCD              0           ; Reserved
  236 000002B0 00000000        DCD              0           ; Reserved
  237 000002B4 00000000        DCD              0           ; Reserved
  238 000002B8 00000000        DCD              0           ; Reserved
  239 000002BC 00000000        DCD              0           ; Reserved
  240 000002C0 00000000        DCD              0           ; Reserved
  241 000002C4 00000000        DCD              0           ; Reserved
  242 000002C8 00000000        DCD              0           ; Reserved
  243 000002CC 00000000        DCD              0           ; Reserved
  244 000002D0 00000000        DCD              0           ; Reserved
  245 000002D4 00000000        DCD              0           ; Reserved
  246 000002D8 00000000        DCD              0           ; Reserved
  247 000002DC 00000000        DCD              0           ; Reserved
  248 000002E0 00000000        DCD              0           ; Reserved
  249 000002E4 00000000        DCD              0           ; Reserved
  250 000002E8 00000000        DCD              0           ; Reserved
  251 000002EC 00000000        DCD              0           ; Reserved
  252 000002F0 00000000        DCD              0           ; Reserved
  253 000002F4 00000000        DCD              0           ; Reserved
  254 000002F8 00000000        DCD              0           ; Reserved
  255 000002FC 00000000        DCD              0           ; Reserved
  256 00000300 00000000        DCD              0           ; Reserved
  257 00000304 00000000        DCD              0           ; Reserved
  258 00000308 00000000        DCD              0           ; Reserved
  259 0000030C 00000000        DCD              0           ; Reserved
  260 00000310 00000000        DCD              0           ; Reserved
  261 00000314 00000000        DCD              0           ; Reserved
  262 00000318 00000000        DCD              0           ; Reserved
  263 0000031C 00000000        DCD              0           ; Reserved
  264 00000320 00000000        DCD              0           ; Reserved
  265 00000324 00000000        DCD              0           ; Reserved
  266 00000328 00000000        DCD              0           ; Reserved
  267 0000032C 00000000        DCD              0           ; Reserved



ARM Macro Assembler    Page 6 


  268 00000330 00000000        DCD              0           ; Reserved
  269 00000334 00000000        DCD              0           ; Reserved
  270 00000338 00000000        DCD              0           ; Reserved
  271 0000033C 00000000        DCD              0           ; Reserved
  272 00000340 00000000        DCD              0           ; Reserved
  273 00000344 00000000        DCD              0           ; Reserved
  274 00000348 00000000        DCD              0           ; Reserved
  275 0000034C 00000000        DCD              0           ; Reserved
  276 00000350 00000000        DCD              0           ; Reserved
  277 00000354 00000000        DCD              0           ; Reserved
  278 00000358 00000000        DCD              0           ; Reserved
  279 0000035C 00000000        DCD              0           ; Reserved
  280 00000360 00000000        DCD              0           ; Reserved
  281 00000364 00000000        DCD              0           ; Reserved
  282 00000368 00000000        DCD              0           ; Reserved
  283 0000036C 00000000        DCD              0           ; Reserved
  284 00000370 00000000        DCD              0           ; Reserved
  285 00000374 00000000        DCD              0           ; Reserved
  286 00000378 00000000        DCD              0           ; Reserved
  287 0000037C 00000000        DCD              0           ; Reserved
  288 00000380 00000000        DCD              0           ; Reserved
  289 00000384 00000000        DCD              0           ; Reserved
  290 00000388 00000000        DCD              0           ; Reserved
  291 0000038C 00000000        DCD              0           ; Reserved
  292 00000390 00000000        DCD              0           ; Reserved
  293 00000394 00000000        DCD              0           ; Reserved
  294 00000398 00000000        DCD              0           ; Reserved
  295 0000039C 00000000        DCD              0           ; Reserved
  296 000003A0 00000000        DCD              0           ; Reserved
  297 000003A4 00000000        DCD              0           ; Reserved
  298 000003A8 00000000        DCD              0           ; Reserved
  299 000003AC 00000000        DCD              0           ; Reserved
  300 000003B0 00000000        DCD              0           ; Reserved
  301 000003B4 00000000        DCD              0           ; Reserved
  302 000003B8 00000000        DCD              0           ; Reserved
  303 000003BC 00000000        DCD              0           ; Reserved
  304 000003C0 00000000        DCD              0           ; Reserved
  305 000003C4 00000000        DCD              0           ; Reserved
  306 000003C8 00000000        DCD              0           ; Reserved
  307 000003CC 00000000        DCD              0           ; Reserved
  308 000003D0 00000000        DCD              0           ; Reserved
  309 000003D4 00000000        DCD              0           ; Reserved
  310 000003D8 00000000        DCD              0           ; Reserved
  311 000003DC 00000000        DCD              0           ; Reserved
  312 000003E0 00000000        DCD              0           ; Reserved
  313 000003E4 00000000        DCD              0           ; Reserved
  314 000003E8 00000000        DCD              0           ; Reserved
  315 000003EC 00000000        DCD              0           ; Reserved
  316 000003F0 00000000        DCD              0           ; Reserved
  317 000003F4 00000000        DCD              0           ; Reserved
  318 000003F8 00000000        DCD              0           ; Reserved
  319 000003FC 00000000        DCD              0           ; Reserved
  320 00000400         
  321 00000400         __Vectors_End
  322 00000400         
  323 00000400 00000400 
                       __Vectors_Size
                               EQU              __Vectors_End - __Vectors
  324 00000400         



ARM Macro Assembler    Page 7 


  325 00000400                 AREA             |.text|, CODE, READONLY
  326 00000000         
  327 00000000         ; Reset Handler
  328 00000000         
  329 00000000         
  330 00000000         Reset_Handler
                               PROC
  331 00000000                 EXPORT           Reset_Handler             [WEAK
]
  332 00000000                 IMPORT           SystemInit
  333 00000000                 IMPORT           __main
  334 00000000         
  335 00000000         
  336 00000000 4806            LDR              R0, =SystemInit
  337 00000002 4780            BLX              R0
  338 00000004 4806            LDR              R0, =__main
  339 00000006 4700            BX               R0
  340 00000008                 ENDP
  341 00000008         
  342 00000008         ; Dummy Exception Handlers (infinite loops which can be 
                       modified)
  343 00000008         
  344 00000008         NMI_Handler
                               PROC
  345 00000008                 EXPORT           NMI_Handler               [WEAK
]
  346 00000008 E7FE            B                .
  347 0000000A                 ENDP
  349 0000000A         HardFault_Handler
                               PROC
  350 0000000A                 EXPORT           HardFault_Handler         [WEAK
]
  351 0000000A E7FE            B                .
  352 0000000C                 ENDP
  354 0000000C         MemoryManagement_Handler
                               PROC
  355 0000000C                 EXPORT           MemoryManagement_Handler  [WEAK
]
  356 0000000C E7FE            B                .
  357 0000000E                 ENDP
  359 0000000E         BusFault_Handler
                               PROC
  360 0000000E                 EXPORT           BusFault_Handler          [WEAK
]
  361 0000000E E7FE            B                .
  362 00000010                 ENDP
  364 00000010         UsageFault_Handler
                               PROC
  365 00000010                 EXPORT           UsageFault_Handler        [WEAK
]
  366 00000010 E7FE            B                .
  367 00000012                 ENDP
  368 00000012         SVC_Handler
                               PROC
  369 00000012                 EXPORT           SVC_Handler               [WEAK
]
  370 00000012 E7FE            B                .
  371 00000014                 ENDP
  373 00000014         DebugMonitor_Handler



ARM Macro Assembler    Page 8 


                               PROC
  374 00000014                 EXPORT           DebugMonitor_Handler      [WEAK
]
  375 00000014 E7FE            B                .
  376 00000016                 ENDP
  377 00000016         PendSV_Handler
                               PROC
  378 00000016                 EXPORT           PendSV_Handler            [WEAK
]
  379 00000016 E7FE            B                .
  380 00000018                 ENDP
  381 00000018         SysTick_Handler
                               PROC
  382 00000018                 EXPORT           SysTick_Handler           [WEAK
]
  383 00000018 E7FE            B                .
  384 0000001A                 ENDP
  385 0000001A         
  386 0000001A         Default_Handler
                               PROC
  387 0000001A         
  388 0000001A                 EXPORT           POWER_CLOCK_IRQHandler [WEAK]
  389 0000001A                 EXPORT           RADIO_IRQHandler [WEAK]
  390 0000001A                 EXPORT           UARTE0_UART0_IRQHandler [WEAK]
  391 0000001A                 EXPORT           SPIM0_SPIS0_TWIM0_TWIS0_SPI0_TW
I0_IRQHandler [WEAK]
  392 0000001A                 EXPORT           SPIM1_SPIS1_TWIM1_TWIS1_SPI1_TW
I1_IRQHandler [WEAK]
  393 0000001A                 EXPORT           NFCT_IRQHandler [WEAK]
  394 0000001A                 EXPORT           GPIOTE_IRQHandler [WEAK]
  395 0000001A                 EXPORT           SAADC_IRQHandler [WEAK]
  396 0000001A                 EXPORT           TIMER0_IRQHandler [WEAK]
  397 0000001A                 EXPORT           TIMER1_IRQHandler [WEAK]
  398 0000001A                 EXPORT           TIMER2_IRQHandler [WEAK]
  399 0000001A                 EXPORT           RTC0_IRQHandler [WEAK]
  400 0000001A                 EXPORT           TEMP_IRQHandler [WEAK]
  401 0000001A                 EXPORT           RNG_IRQHandler [WEAK]
  402 0000001A                 EXPORT           ECB_IRQHandler [WEAK]
  403 0000001A                 EXPORT           CCM_AAR_IRQHandler [WEAK]
  404 0000001A                 EXPORT           WDT_IRQHandler [WEAK]
  405 0000001A                 EXPORT           RTC1_IRQHandler [WEAK]
  406 0000001A                 EXPORT           QDEC_IRQHandler [WEAK]
  407 0000001A                 EXPORT           COMP_LPCOMP_IRQHandler [WEAK]
  408 0000001A                 EXPORT           SWI0_EGU0_IRQHandler [WEAK]
  409 0000001A                 EXPORT           SWI1_EGU1_IRQHandler [WEAK]
  410 0000001A                 EXPORT           SWI2_EGU2_IRQHandler [WEAK]
  411 0000001A                 EXPORT           SWI3_EGU3_IRQHandler [WEAK]
  412 0000001A                 EXPORT           SWI4_EGU4_IRQHandler [WEAK]
  413 0000001A                 EXPORT           SWI5_EGU5_IRQHandler [WEAK]
  414 0000001A                 EXPORT           TIMER3_IRQHandler [WEAK]
  415 0000001A                 EXPORT           TIMER4_IRQHandler [WEAK]
  416 0000001A                 EXPORT           PWM0_IRQHandler [WEAK]
  417 0000001A                 EXPORT           PDM_IRQHandler [WEAK]
  418 0000001A                 EXPORT           MWU_IRQHandler [WEAK]
  419 0000001A                 EXPORT           PWM1_IRQHandler [WEAK]
  420 0000001A                 EXPORT           PWM2_IRQHandler [WEAK]
  421 0000001A                 EXPORT           SPIM2_SPIS2_SPI2_IRQHandler [WE
AK]
  422 0000001A                 EXPORT           RTC2_IRQHandler [WEAK]



ARM Macro Assembler    Page 9 


  423 0000001A                 EXPORT           I2S_IRQHandler [WEAK]
  424 0000001A                 EXPORT           FPU_IRQHandler [WEAK]
  425 0000001A         POWER_CLOCK_IRQHandler
  426 0000001A         RADIO_IRQHandler
  427 0000001A         UARTE0_UART0_IRQHandler
  428 0000001A         SPIM0_SPIS0_TWIM0_TWIS0_SPI0_TWI0_IRQHandler
  429 0000001A         SPIM1_SPIS1_TWIM1_TWIS1_SPI1_TWI1_IRQHandler
  430 0000001A         NFCT_IRQHandler
  431 0000001A         GPIOTE_IRQHandler
  432 0000001A         SAADC_IRQHandler
  433 0000001A         TIMER0_IRQHandler
  434 0000001A         TIMER1_IRQHandler
  435 0000001A         TIMER2_IRQHandler
  436 0000001A         RTC0_IRQHandler
  437 0000001A         TEMP_IRQHandler
  438 0000001A         RNG_IRQHandler
  439 0000001A         ECB_IRQHandler
  440 0000001A         CCM_AAR_IRQHandler
  441 0000001A         WDT_IRQHandler
  442 0000001A         RTC1_IRQHandler
  443 0000001A         QDEC_IRQHandler
  444 0000001A         COMP_LPCOMP_IRQHandler
  445 0000001A         SWI0_EGU0_IRQHandler
  446 0000001A         SWI1_EGU1_IRQHandler
  447 0000001A         SWI2_EGU2_IRQHandler
  448 0000001A         SWI3_EGU3_IRQHandler
  449 0000001A         SWI4_EGU4_IRQHandler
  450 0000001A         SWI5_EGU5_IRQHandler
  451 0000001A         TIMER3_IRQHandler
  452 0000001A         TIMER4_IRQHandler
  453 0000001A         PWM0_IRQHandler
  454 0000001A         PDM_IRQHandler
  455 0000001A         MWU_IRQHandler
  456 0000001A         PWM1_IRQHandler
  457 0000001A         PWM2_IRQHandler
  458 0000001A         SPIM2_SPIS2_SPI2_IRQHandler
  459 0000001A         RTC2_IRQHandler
  460 0000001A         I2S_IRQHandler
  461 0000001A         FPU_IRQHandler
  462 0000001A E7FE            B                .
  463 0000001C                 ENDP
  464 0000001C                 ALIGN
  465 0000001C         
  466 0000001C         ; User Initial Stack & Heap
  467 0000001C         
  468 0000001C                 IF               :DEF:__MICROLIB
  469 0000001C         
  470 0000001C                 EXPORT           __initial_sp
  471 0000001C                 EXPORT           __heap_base
  472 0000001C                 EXPORT           __heap_limit
  473 0000001C         
  474 0000001C                 ELSE
  490                          ENDIF
  491 0000001C         
  492 0000001C                 END
              00000000 
              00000000 
Command Line: --debug --xref --diag_suppress=9931 --cpu=Cortex-M4.fp --apcs=int
erwork --depend=..\object\arm_startup_nrf52.d -o..\object\arm_startup_nrf52.o -



ARM Macro Assembler    Page 10 


IC:\Users\GC-RnD1\Desktop\fit_w_pl\greencomm\project\RTE -IC:\Keil_v5\ARM\PACK\
ARM\CMSIS\4.5.0\CMSIS\Include -IC:\Keil_v5\ARM\PACK\NordicSemiconductor\nRF_Dev
iceFamilyPack\8.11.1\Device\Include -IC:\Keil_v5\ARM\PACK\NordicSemiconductor\n
RF_DeviceFamilyPack\8.5.0\Device\Include --predefine="__MICROLIB SETA 1" --pred
efine="__UVISION_VERSION SETA 518" --predefine="_RTE_ SETA 1" --predefine="NRF5
2 SETA 1" --predefine="GC_NRF52_SPI_FLASH SETA 1" --predefine="GC_NRF52_TWI SET
A 1" --predefine="GC_NRF52_DEV SETA 1" --predefine="GC_NRF52_UART SETA 1" --pre
define="GREENCOMM_BT SETA 1" --predefine="GREENCOMM_NUS SETA 1" --predefine="BL
E_STACK_SUPPORT_REQD SETA 1" --predefine="BOARD_PCA10040 SETA 1" --predefine="N
RF52_PAN_12 SETA 1" --predefine="NRF52_PAN_15 SETA 1" --predefine="NRF52_PAN_20
 SETA 1" --predefine="NRF52_PAN_30 SETA 1" --predefine="NRF52_PAN_31 SETA 1" --
predefine="NRF52_PAN_36 SETA 1" --predefine="NRF52_PAN_51 SETA 1" --predefine="
NRF52_PAN_53 SETA 1" --predefine="NRF52_PAN_54 SETA 1" --predefine="NRF52_PAN_5
5 SETA 1" --predefine="NRF52_PAN_58 SETA 1" --predefine="NRF52_PAN_62 SETA 1" -
-predefine="NRF52_PAN_63 SETA 1" --predefine="NRF52_PAN_64 SETA 1" --predefine=
"CONFIG_GPIO_AS_PINRESET SETA 1" --predefine="S132 SETA 1" --predefine="NRF_LOG
_USES_UART SETA 1" --predefine="NRF52 SETA 1" --predefine="SOFTDEVICE_PRESENT S
ETA 1" --predefine="SWI_DISABLE0 SETA 1" --list=.\_build\arm_startup_nrf52.lst 
RTE\Device\nRF52832_xxAA\arm_startup_nrf52.s



ARM Macro Assembler    Page 1 Alphabetic symbol ordering
Relocatable symbols

STACK 00000000

Symbol: STACK
   Definitions
      At line 36 in file RTE\Device\nRF52832_xxAA\arm_startup_nrf52.s
   Uses
      None
Comment: STACK unused
Stack_Mem 00000000

Symbol: Stack_Mem
   Definitions
      At line 37 in file RTE\Device\nRF52832_xxAA\arm_startup_nrf52.s
   Uses
      None
Comment: Stack_Mem unused
__initial_sp 00002000

Symbol: __initial_sp
   Definitions
      At line 38 in file RTE\Device\nRF52832_xxAA\arm_startup_nrf52.s
   Uses
      At line 62 in file RTE\Device\nRF52832_xxAA\arm_startup_nrf52.s
      At line 470 in file RTE\Device\nRF52832_xxAA\arm_startup_nrf52.s

3 symbols



ARM Macro Assembler    Page 1 Alphabetic symbol ordering
Relocatable symbols

HEAP 00000000

Symbol: HEAP
   Definitions
      At line 47 in file RTE\Device\nRF52832_xxAA\arm_startup_nrf52.s
   Uses
      None
Comment: HEAP unused
Heap_Mem 00000000

Symbol: Heap_Mem
   Definitions
      At line 49 in file RTE\Device\nRF52832_xxAA\arm_startup_nrf52.s
   Uses
      None
Comment: Heap_Mem unused
__heap_base 00000000

Symbol: __heap_base
   Definitions
      At line 48 in file RTE\Device\nRF52832_xxAA\arm_startup_nrf52.s
   Uses
      At line 471 in file RTE\Device\nRF52832_xxAA\arm_startup_nrf52.s
Comment: __heap_base used once
__heap_limit 00004400

Symbol: __heap_limit
   Definitions
      At line 50 in file RTE\Device\nRF52832_xxAA\arm_startup_nrf52.s
   Uses
      At line 472 in file RTE\Device\nRF52832_xxAA\arm_startup_nrf52.s
Comment: __heap_limit used once
4 symbols



ARM Macro Assembler    Page 1 Alphabetic symbol ordering
Relocatable symbols

RESET 00000000

Symbol: RESET
   Definitions
      At line 57 in file RTE\Device\nRF52832_xxAA\arm_startup_nrf52.s
   Uses
      None
Comment: RESET unused
__Vectors 00000000

Symbol: __Vectors
   Definitions
      At line 62 in file RTE\Device\nRF52832_xxAA\arm_startup_nrf52.s
   Uses
      At line 58 in file RTE\Device\nRF52832_xxAA\arm_startup_nrf52.s
      At line 323 in file RTE\Device\nRF52832_xxAA\arm_startup_nrf52.s

__Vectors_End 00000400

Symbol: __Vectors_End
   Definitions
      At line 321 in file RTE\Device\nRF52832_xxAA\arm_startup_nrf52.s
   Uses
      At line 59 in file RTE\Device\nRF52832_xxAA\arm_startup_nrf52.s
      At line 323 in file RTE\Device\nRF52832_xxAA\arm_startup_nrf52.s

3 symbols



ARM Macro Assembler    Page 1 Alphabetic symbol ordering
Relocatable symbols

.text 00000000

Symbol: .text
   Definitions
      At line 325 in file RTE\Device\nRF52832_xxAA\arm_startup_nrf52.s
   Uses
      None
Comment: .text unused
BusFault_Handler 0000000E

Symbol: BusFault_Handler
   Definitions
      At line 359 in file RTE\Device\nRF52832_xxAA\arm_startup_nrf52.s
   Uses
      At line 67 in file RTE\Device\nRF52832_xxAA\arm_startup_nrf52.s
      At line 360 in file RTE\Device\nRF52832_xxAA\arm_startup_nrf52.s

CCM_AAR_IRQHandler 0000001A

Symbol: CCM_AAR_IRQHandler
   Definitions
      At line 440 in file RTE\Device\nRF52832_xxAA\arm_startup_nrf52.s
   Uses
      At line 95 in file RTE\Device\nRF52832_xxAA\arm_startup_nrf52.s
      At line 403 in file RTE\Device\nRF52832_xxAA\arm_startup_nrf52.s

COMP_LPCOMP_IRQHandler 0000001A

Symbol: COMP_LPCOMP_IRQHandler
   Definitions
      At line 444 in file RTE\Device\nRF52832_xxAA\arm_startup_nrf52.s
   Uses
      At line 99 in file RTE\Device\nRF52832_xxAA\arm_startup_nrf52.s
      At line 407 in file RTE\Device\nRF52832_xxAA\arm_startup_nrf52.s

DebugMonitor_Handler 00000014

Symbol: DebugMonitor_Handler
   Definitions
      At line 373 in file RTE\Device\nRF52832_xxAA\arm_startup_nrf52.s
   Uses
      At line 74 in file RTE\Device\nRF52832_xxAA\arm_startup_nrf52.s
      At line 374 in file RTE\Device\nRF52832_xxAA\arm_startup_nrf52.s

Default_Handler 0000001A

Symbol: Default_Handler
   Definitions
      At line 386 in file RTE\Device\nRF52832_xxAA\arm_startup_nrf52.s
   Uses
      None
Comment: Default_Handler unused
ECB_IRQHandler 0000001A

Symbol: ECB_IRQHandler
   Definitions
      At line 439 in file RTE\Device\nRF52832_xxAA\arm_startup_nrf52.s
   Uses
      At line 94 in file RTE\Device\nRF52832_xxAA\arm_startup_nrf52.s



ARM Macro Assembler    Page 2 Alphabetic symbol ordering
Relocatable symbols

      At line 402 in file RTE\Device\nRF52832_xxAA\arm_startup_nrf52.s

FPU_IRQHandler 0000001A

Symbol: FPU_IRQHandler
   Definitions
      At line 461 in file RTE\Device\nRF52832_xxAA\arm_startup_nrf52.s
   Uses
      At line 118 in file RTE\Device\nRF52832_xxAA\arm_startup_nrf52.s
      At line 424 in file RTE\Device\nRF52832_xxAA\arm_startup_nrf52.s

GPIOTE_IRQHandler 0000001A

Symbol: GPIOTE_IRQHandler
   Definitions
      At line 431 in file RTE\Device\nRF52832_xxAA\arm_startup_nrf52.s
   Uses
      At line 86 in file RTE\Device\nRF52832_xxAA\arm_startup_nrf52.s
      At line 394 in file RTE\Device\nRF52832_xxAA\arm_startup_nrf52.s

HardFault_Handler 0000000A

Symbol: HardFault_Handler
   Definitions
      At line 349 in file RTE\Device\nRF52832_xxAA\arm_startup_nrf52.s
   Uses
      At line 65 in file RTE\Device\nRF52832_xxAA\arm_startup_nrf52.s
      At line 350 in file RTE\Device\nRF52832_xxAA\arm_startup_nrf52.s

I2S_IRQHandler 0000001A

Symbol: I2S_IRQHandler
   Definitions
      At line 460 in file RTE\Device\nRF52832_xxAA\arm_startup_nrf52.s
   Uses
      At line 117 in file RTE\Device\nRF52832_xxAA\arm_startup_nrf52.s
      At line 423 in file RTE\Device\nRF52832_xxAA\arm_startup_nrf52.s

MWU_IRQHandler 0000001A

Symbol: MWU_IRQHandler
   Definitions
      At line 455 in file RTE\Device\nRF52832_xxAA\arm_startup_nrf52.s
   Uses
      At line 112 in file RTE\Device\nRF52832_xxAA\arm_startup_nrf52.s
      At line 418 in file RTE\Device\nRF52832_xxAA\arm_startup_nrf52.s

MemoryManagement_Handler 0000000C

Symbol: MemoryManagement_Handler
   Definitions
      At line 354 in file RTE\Device\nRF52832_xxAA\arm_startup_nrf52.s
   Uses
      At line 66 in file RTE\Device\nRF52832_xxAA\arm_startup_nrf52.s
      At line 355 in file RTE\Device\nRF52832_xxAA\arm_startup_nrf52.s

NFCT_IRQHandler 0000001A

Symbol: NFCT_IRQHandler



ARM Macro Assembler    Page 3 Alphabetic symbol ordering
Relocatable symbols

   Definitions
      At line 430 in file RTE\Device\nRF52832_xxAA\arm_startup_nrf52.s
   Uses
      At line 85 in file RTE\Device\nRF52832_xxAA\arm_startup_nrf52.s
      At line 393 in file RTE\Device\nRF52832_xxAA\arm_startup_nrf52.s

NMI_Handler 00000008

Symbol: NMI_Handler
   Definitions
      At line 344 in file RTE\Device\nRF52832_xxAA\arm_startup_nrf52.s
   Uses
      At line 64 in file RTE\Device\nRF52832_xxAA\arm_startup_nrf52.s
      At line 345 in file RTE\Device\nRF52832_xxAA\arm_startup_nrf52.s

PDM_IRQHandler 0000001A

Symbol: PDM_IRQHandler
   Definitions
      At line 454 in file RTE\Device\nRF52832_xxAA\arm_startup_nrf52.s
   Uses
      At line 109 in file RTE\Device\nRF52832_xxAA\arm_startup_nrf52.s
      At line 417 in file RTE\Device\nRF52832_xxAA\arm_startup_nrf52.s

POWER_CLOCK_IRQHandler 0000001A

Symbol: POWER_CLOCK_IRQHandler
   Definitions
      At line 425 in file RTE\Device\nRF52832_xxAA\arm_startup_nrf52.s
   Uses
      At line 80 in file RTE\Device\nRF52832_xxAA\arm_startup_nrf52.s
      At line 388 in file RTE\Device\nRF52832_xxAA\arm_startup_nrf52.s

PWM0_IRQHandler 0000001A

Symbol: PWM0_IRQHandler
   Definitions
      At line 453 in file RTE\Device\nRF52832_xxAA\arm_startup_nrf52.s
   Uses
      At line 108 in file RTE\Device\nRF52832_xxAA\arm_startup_nrf52.s
      At line 416 in file RTE\Device\nRF52832_xxAA\arm_startup_nrf52.s

PWM1_IRQHandler 0000001A

Symbol: PWM1_IRQHandler
   Definitions
      At line 456 in file RTE\Device\nRF52832_xxAA\arm_startup_nrf52.s
   Uses
      At line 113 in file RTE\Device\nRF52832_xxAA\arm_startup_nrf52.s
      At line 419 in file RTE\Device\nRF52832_xxAA\arm_startup_nrf52.s

PWM2_IRQHandler 0000001A

Symbol: PWM2_IRQHandler
   Definitions
      At line 457 in file RTE\Device\nRF52832_xxAA\arm_startup_nrf52.s
   Uses
      At line 114 in file RTE\Device\nRF52832_xxAA\arm_startup_nrf52.s
      At line 420 in file RTE\Device\nRF52832_xxAA\arm_startup_nrf52.s



ARM Macro Assembler    Page 4 Alphabetic symbol ordering
Relocatable symbols


PendSV_Handler 00000016

Symbol: PendSV_Handler
   Definitions
      At line 377 in file RTE\Device\nRF52832_xxAA\arm_startup_nrf52.s
   Uses
      At line 76 in file RTE\Device\nRF52832_xxAA\arm_startup_nrf52.s
      At line 378 in file RTE\Device\nRF52832_xxAA\arm_startup_nrf52.s

QDEC_IRQHandler 0000001A

Symbol: QDEC_IRQHandler
   Definitions
      At line 443 in file RTE\Device\nRF52832_xxAA\arm_startup_nrf52.s
   Uses
      At line 98 in file RTE\Device\nRF52832_xxAA\arm_startup_nrf52.s
      At line 406 in file RTE\Device\nRF52832_xxAA\arm_startup_nrf52.s

RADIO_IRQHandler 0000001A

Symbol: RADIO_IRQHandler
   Definitions
      At line 426 in file RTE\Device\nRF52832_xxAA\arm_startup_nrf52.s
   Uses
      At line 81 in file RTE\Device\nRF52832_xxAA\arm_startup_nrf52.s
      At line 389 in file RTE\Device\nRF52832_xxAA\arm_startup_nrf52.s

RNG_IRQHandler 0000001A

Symbol: RNG_IRQHandler
   Definitions
      At line 438 in file RTE\Device\nRF52832_xxAA\arm_startup_nrf52.s
   Uses
      At line 93 in file RTE\Device\nRF52832_xxAA\arm_startup_nrf52.s
      At line 401 in file RTE\Device\nRF52832_xxAA\arm_startup_nrf52.s

RTC0_IRQHandler 0000001A

Symbol: RTC0_IRQHandler
   Definitions
      At line 436 in file RTE\Device\nRF52832_xxAA\arm_startup_nrf52.s
   Uses
      At line 91 in file RTE\Device\nRF52832_xxAA\arm_startup_nrf52.s
      At line 399 in file RTE\Device\nRF52832_xxAA\arm_startup_nrf52.s

RTC1_IRQHandler 0000001A

Symbol: RTC1_IRQHandler
   Definitions
      At line 442 in file RTE\Device\nRF52832_xxAA\arm_startup_nrf52.s
   Uses
      At line 97 in file RTE\Device\nRF52832_xxAA\arm_startup_nrf52.s
      At line 405 in file RTE\Device\nRF52832_xxAA\arm_startup_nrf52.s

RTC2_IRQHandler 0000001A

Symbol: RTC2_IRQHandler
   Definitions



ARM Macro Assembler    Page 5 Alphabetic symbol ordering
Relocatable symbols

      At line 459 in file RTE\Device\nRF52832_xxAA\arm_startup_nrf52.s
   Uses
      At line 116 in file RTE\Device\nRF52832_xxAA\arm_startup_nrf52.s
      At line 422 in file RTE\Device\nRF52832_xxAA\arm_startup_nrf52.s

Reset_Handler 00000000

Symbol: Reset_Handler
   Definitions
      At line 330 in file RTE\Device\nRF52832_xxAA\arm_startup_nrf52.s
   Uses
      At line 63 in file RTE\Device\nRF52832_xxAA\arm_startup_nrf52.s
      At line 331 in file RTE\Device\nRF52832_xxAA\arm_startup_nrf52.s

SAADC_IRQHandler 0000001A

Symbol: SAADC_IRQHandler
   Definitions
      At line 432 in file RTE\Device\nRF52832_xxAA\arm_startup_nrf52.s
   Uses
      At line 87 in file RTE\Device\nRF52832_xxAA\arm_startup_nrf52.s
      At line 395 in file RTE\Device\nRF52832_xxAA\arm_startup_nrf52.s

SPIM0_SPIS0_TWIM0_TWIS0_SPI0_TWI0_IRQHandler 0000001A

Symbol: SPIM0_SPIS0_TWIM0_TWIS0_SPI0_TWI0_IRQHandler
   Definitions
      At line 428 in file RTE\Device\nRF52832_xxAA\arm_startup_nrf52.s
   Uses
      At line 83 in file RTE\Device\nRF52832_xxAA\arm_startup_nrf52.s
      At line 391 in file RTE\Device\nRF52832_xxAA\arm_startup_nrf52.s

SPIM1_SPIS1_TWIM1_TWIS1_SPI1_TWI1_IRQHandler 0000001A

Symbol: SPIM1_SPIS1_TWIM1_TWIS1_SPI1_TWI1_IRQHandler
   Definitions
      At line 429 in file RTE\Device\nRF52832_xxAA\arm_startup_nrf52.s
   Uses
      At line 84 in file RTE\Device\nRF52832_xxAA\arm_startup_nrf52.s
      At line 392 in file RTE\Device\nRF52832_xxAA\arm_startup_nrf52.s

SPIM2_SPIS2_SPI2_IRQHandler 0000001A

Symbol: SPIM2_SPIS2_SPI2_IRQHandler
   Definitions
      At line 458 in file RTE\Device\nRF52832_xxAA\arm_startup_nrf52.s
   Uses
      At line 115 in file RTE\Device\nRF52832_xxAA\arm_startup_nrf52.s
      At line 421 in file RTE\Device\nRF52832_xxAA\arm_startup_nrf52.s

SVC_Handler 00000012

Symbol: SVC_Handler
   Definitions
      At line 368 in file RTE\Device\nRF52832_xxAA\arm_startup_nrf52.s
   Uses
      At line 73 in file RTE\Device\nRF52832_xxAA\arm_startup_nrf52.s
      At line 369 in file RTE\Device\nRF52832_xxAA\arm_startup_nrf52.s




ARM Macro Assembler    Page 6 Alphabetic symbol ordering
Relocatable symbols

SWI0_EGU0_IRQHandler 0000001A

Symbol: SWI0_EGU0_IRQHandler
   Definitions
      At line 445 in file RTE\Device\nRF52832_xxAA\arm_startup_nrf52.s
   Uses
      At line 100 in file RTE\Device\nRF52832_xxAA\arm_startup_nrf52.s
      At line 408 in file RTE\Device\nRF52832_xxAA\arm_startup_nrf52.s

SWI1_EGU1_IRQHandler 0000001A

Symbol: SWI1_EGU1_IRQHandler
   Definitions
      At line 446 in file RTE\Device\nRF52832_xxAA\arm_startup_nrf52.s
   Uses
      At line 101 in file RTE\Device\nRF52832_xxAA\arm_startup_nrf52.s
      At line 409 in file RTE\Device\nRF52832_xxAA\arm_startup_nrf52.s

SWI2_EGU2_IRQHandler 0000001A

Symbol: SWI2_EGU2_IRQHandler
   Definitions
      At line 447 in file RTE\Device\nRF52832_xxAA\arm_startup_nrf52.s
   Uses
      At line 102 in file RTE\Device\nRF52832_xxAA\arm_startup_nrf52.s
      At line 410 in file RTE\Device\nRF52832_xxAA\arm_startup_nrf52.s

SWI3_EGU3_IRQHandler 0000001A

Symbol: SWI3_EGU3_IRQHandler
   Definitions
      At line 448 in file RTE\Device\nRF52832_xxAA\arm_startup_nrf52.s
   Uses
      At line 103 in file RTE\Device\nRF52832_xxAA\arm_startup_nrf52.s
      At line 411 in file RTE\Device\nRF52832_xxAA\arm_startup_nrf52.s

SWI4_EGU4_IRQHandler 0000001A

Symbol: SWI4_EGU4_IRQHandler
   Definitions
      At line 449 in file RTE\Device\nRF52832_xxAA\arm_startup_nrf52.s
   Uses
      At line 104 in file RTE\Device\nRF52832_xxAA\arm_startup_nrf52.s
      At line 412 in file RTE\Device\nRF52832_xxAA\arm_startup_nrf52.s

SWI5_EGU5_IRQHandler 0000001A

Symbol: SWI5_EGU5_IRQHandler
   Definitions
      At line 450 in file RTE\Device\nRF52832_xxAA\arm_startup_nrf52.s
   Uses
      At line 105 in file RTE\Device\nRF52832_xxAA\arm_startup_nrf52.s
      At line 413 in file RTE\Device\nRF52832_xxAA\arm_startup_nrf52.s

SysTick_Handler 00000018

Symbol: SysTick_Handler
   Definitions
      At line 381 in file RTE\Device\nRF52832_xxAA\arm_startup_nrf52.s



ARM Macro Assembler    Page 7 Alphabetic symbol ordering
Relocatable symbols

   Uses
      At line 77 in file RTE\Device\nRF52832_xxAA\arm_startup_nrf52.s
      At line 382 in file RTE\Device\nRF52832_xxAA\arm_startup_nrf52.s

TEMP_IRQHandler 0000001A

Symbol: TEMP_IRQHandler
   Definitions
      At line 437 in file RTE\Device\nRF52832_xxAA\arm_startup_nrf52.s
   Uses
      At line 92 in file RTE\Device\nRF52832_xxAA\arm_startup_nrf52.s
      At line 400 in file RTE\Device\nRF52832_xxAA\arm_startup_nrf52.s

TIMER0_IRQHandler 0000001A

Symbol: TIMER0_IRQHandler
   Definitions
      At line 433 in file RTE\Device\nRF52832_xxAA\arm_startup_nrf52.s
   Uses
      At line 88 in file RTE\Device\nRF52832_xxAA\arm_startup_nrf52.s
      At line 396 in file RTE\Device\nRF52832_xxAA\arm_startup_nrf52.s

TIMER1_IRQHandler 0000001A

Symbol: TIMER1_IRQHandler
   Definitions
      At line 434 in file RTE\Device\nRF52832_xxAA\arm_startup_nrf52.s
   Uses
      At line 89 in file RTE\Device\nRF52832_xxAA\arm_startup_nrf52.s
      At line 397 in file RTE\Device\nRF52832_xxAA\arm_startup_nrf52.s

TIMER2_IRQHandler 0000001A

Symbol: TIMER2_IRQHandler
   Definitions
      At line 435 in file RTE\Device\nRF52832_xxAA\arm_startup_nrf52.s
   Uses
      At line 90 in file RTE\Device\nRF52832_xxAA\arm_startup_nrf52.s
      At line 398 in file RTE\Device\nRF52832_xxAA\arm_startup_nrf52.s

TIMER3_IRQHandler 0000001A

Symbol: TIMER3_IRQHandler
   Definitions
      At line 451 in file RTE\Device\nRF52832_xxAA\arm_startup_nrf52.s
   Uses
      At line 106 in file RTE\Device\nRF52832_xxAA\arm_startup_nrf52.s
      At line 414 in file RTE\Device\nRF52832_xxAA\arm_startup_nrf52.s

TIMER4_IRQHandler 0000001A

Symbol: TIMER4_IRQHandler
   Definitions
      At line 452 in file RTE\Device\nRF52832_xxAA\arm_startup_nrf52.s
   Uses
      At line 107 in file RTE\Device\nRF52832_xxAA\arm_startup_nrf52.s
      At line 415 in file RTE\Device\nRF52832_xxAA\arm_startup_nrf52.s

UARTE0_UART0_IRQHandler 0000001A



ARM Macro Assembler    Page 8 Alphabetic symbol ordering
Relocatable symbols


Symbol: UARTE0_UART0_IRQHandler
   Definitions
      At line 427 in file RTE\Device\nRF52832_xxAA\arm_startup_nrf52.s
   Uses
      At line 82 in file RTE\Device\nRF52832_xxAA\arm_startup_nrf52.s
      At line 390 in file RTE\Device\nRF52832_xxAA\arm_startup_nrf52.s

UsageFault_Handler 00000010

Symbol: UsageFault_Handler
   Definitions
      At line 364 in file RTE\Device\nRF52832_xxAA\arm_startup_nrf52.s
   Uses
      At line 68 in file RTE\Device\nRF52832_xxAA\arm_startup_nrf52.s
      At line 365 in file RTE\Device\nRF52832_xxAA\arm_startup_nrf52.s

WDT_IRQHandler 0000001A

Symbol: WDT_IRQHandler
   Definitions
      At line 441 in file RTE\Device\nRF52832_xxAA\arm_startup_nrf52.s
   Uses
      At line 96 in file RTE\Device\nRF52832_xxAA\arm_startup_nrf52.s
      At line 404 in file RTE\Device\nRF52832_xxAA\arm_startup_nrf52.s

49 symbols



ARM Macro Assembler    Page 1 Alphabetic symbol ordering
Absolute symbols

Heap_Size 00004400

Symbol: Heap_Size
   Definitions
      At line 43 in file RTE\Device\nRF52832_xxAA\arm_startup_nrf52.s
   Uses
      At line 49 in file RTE\Device\nRF52832_xxAA\arm_startup_nrf52.s
Comment: Heap_Size used once
Stack_Size 00002000

Symbol: Stack_Size
   Definitions
      At line 33 in file RTE\Device\nRF52832_xxAA\arm_startup_nrf52.s
   Uses
      At line 37 in file RTE\Device\nRF52832_xxAA\arm_startup_nrf52.s
Comment: Stack_Size used once
__Vectors_Size 00000400

Symbol: __Vectors_Size
   Definitions
      At line 323 in file RTE\Device\nRF52832_xxAA\arm_startup_nrf52.s
   Uses
      At line 60 in file RTE\Device\nRF52832_xxAA\arm_startup_nrf52.s
Comment: __Vectors_Size used once
3 symbols



ARM Macro Assembler    Page 1 Alphabetic symbol ordering
External symbols

SystemInit 00000000

Symbol: SystemInit
   Definitions
      At line 332 in file RTE\Device\nRF52832_xxAA\arm_startup_nrf52.s
   Uses
      At line 336 in file RTE\Device\nRF52832_xxAA\arm_startup_nrf52.s
Comment: SystemInit used once
__main 00000000

Symbol: __main
   Definitions
      At line 333 in file RTE\Device\nRF52832_xxAA\arm_startup_nrf52.s
   Uses
      At line 338 in file RTE\Device\nRF52832_xxAA\arm_startup_nrf52.s
Comment: __main used once
2 symbols
432 symbols in table
